Using pre-set license
Built from '2021.3/staging' branch; Version is '2021.3.5f1 (40eb3a945986) revision 4254522'; Using compiler version '192829333'; Build Type 'Release'
OS: 'Windows 10  (10.0.19045) 64bit Core' Language: 'es' Physical Memory: 65237 MB
BatchMode: 1, IsHumanControllingUs: 0, StartBugReporterOnCrash: 0, Is64bit: 1, IsPro: 1

COMMAND LINE ARGUMENTS:
C:\Program Files\Unity\Hub\Editor\2021.3.5f1\Editor\Unity.exe
-adb2
-batchMode
-noUpm
-name
AssetImportWorker0
-projectPath
C:/Users/jc/Downloads/Unity-Game/Trabajo/EEG
-logFile
Logs/AssetImportWorker0.log
-srvPort
54849
Successfully changed project path to: C:/Users/jc/Downloads/Unity-Game/Trabajo/EEG
C:/Users/jc/Downloads/Unity-Game/Trabajo/EEG
[UnityMemory] Configuration Parameters - Can be set up in boot.config
    "memorysetup-bucket-allocator-granularity=16"
    "memorysetup-bucket-allocator-bucket-count=8"
    "memorysetup-bucket-allocator-block-size=33554432"
    "memorysetup-bucket-allocator-block-count=8"
    "memorysetup-main-allocator-block-size=16777216"
    "memorysetup-thread-allocator-block-size=16777216"
    "memorysetup-gfx-main-allocator-block-size=16777216"
    "memorysetup-gfx-thread-allocator-block-size=16777216"
    "memorysetup-cache-allocator-block-size=4194304"
    "memorysetup-typetree-allocator-block-size=2097152"
    "memorysetup-profiler-bucket-allocator-granularity=16"
    "memorysetup-profiler-bucket-allocator-bucket-count=8"
    "memorysetup-profiler-bucket-allocator-block-size=33554432"
    "memorysetup-profiler-bucket-allocator-block-count=8"
    "memorysetup-profiler-allocator-block-size=16777216"
    "memorysetup-profiler-editor-allocator-block-size=1048576"
    "memorysetup-temp-allocator-size-main=16777216"
    "memorysetup-job-temp-allocator-block-size=2097152"
    "memorysetup-job-temp-allocator-block-size-background=1048576"
    "memorysetup-job-temp-allocator-reduction-small-platforms=262144"
    "memorysetup-temp-allocator-size-background-worker=32768"
    "memorysetup-temp-allocator-size-job-worker=262144"
    "memorysetup-temp-allocator-size-preload-manager=33554432"
    "memorysetup-temp-allocator-size-nav-mesh-worker=65536"
    "memorysetup-temp-allocator-size-audio-worker=65536"
    "memorysetup-temp-allocator-size-cloud-worker=32768"
    "memorysetup-temp-allocator-size-gi-baking-worker=262144"
    "memorysetup-temp-allocator-size-gfx=262144"
Refreshing native plugins compatible for Editor in 62.68 ms, found 9 plugins.
Preloading 0 native plugins for Editor in 0.00 ms.
Initialize engine version: 2021.3.5f1 (40eb3a945986)
[Subsystems] Discovering subsystems at path C:/Program Files/Unity/Hub/Editor/2021.3.5f1/Editor/Data/Resources/UnitySubsystems
[Subsystems] Discovering subsystems at path C:/Users/jc/Downloads/Unity-Game/Trabajo/EEG/Assets
GfxDevice: creating device client; threaded=0; jobified=0
Direct3D:
    Version:  Direct3D 11.0 [level 11.1]
    Renderer: NVIDIA GeForce RTX 4050 Laptop GPU (ID=0x28a1)
    Vendor:   NVIDIA
    VRAM:     5921 MB
    Driver:   32.0.15.6590
Initialize mono
Mono path[0] = 'C:/Program Files/Unity/Hub/Editor/2021.3.5f1/Editor/Data/Managed'
Mono path[1] = 'C:/Program Files/Unity/Hub/Editor/2021.3.5f1/Editor/Data/MonoBleedingEdge/lib/mono/unityjit-win32'
Mono config path = 'C:/Program Files/Unity/Hub/Editor/2021.3.5f1/Editor/Data/MonoBleedingEdge/etc'
Using monoOptions --debugger-agent=transport=dt_socket,embedding=1,server=y,suspend=n,address=127.0.0.1:56052
Begin MonoManager ReloadAssembly
Registering precompiled unity dll's ...
Register platform support module: C:/Program Files/Unity/Hub/Editor/2021.3.5f1/Editor/Data/PlaybackEngines/WebGLSupport/UnityEditor.WebGL.Extensions.dll
Register platform support module: C:/Program Files/Unity/Hub/Editor/2021.3.5f1/Editor/Data/PlaybackEngines/WindowsStandaloneSupport/UnityEditor.WindowsStandalone.Extensions.dll
Register platform support module: C:/Program Files/Unity/Hub/Editor/2021.3.5f1/Editor/Data/PlaybackEngines/MetroSupport/UnityEditor.UWP.Extensions.dll
Registered in 0.011358 seconds.
Native extension for UWP target not found
Native extension for WindowsStandalone target not found
Native extension for WebGL target not found
Refreshing native plugins compatible for Editor in 53.13 ms, found 9 plugins.
Preloading 0 native plugins for Editor in 0.00 ms.
Mono: successfully reloaded assembly
- Completed reload, in  0.765 seconds
Domain Reload Profiling:
	ReloadAssembly (766ms)
		BeginReloadAssembly (104ms)
			ExecutionOrderSort (0ms)
			DisableScriptedObjects (0ms)
			BackupInstance (0ms)
			ReleaseScriptingObjects (0ms)
			CreateAndSetChildDomain (1ms)
		EndReloadAssembly (518ms)
			LoadAssemblies (103ms)
			RebuildTransferFunctionScriptingTraits (0ms)
			SetupTypeCache (133ms)
			ReleaseScriptCaches (0ms)
			RebuildScriptCaches (38ms)
			SetupLoadedEditorAssemblies (277ms)
				LogAssemblyErrors (0ms)
				InitializePlatformSupportModulesInManaged (12ms)
				SetLoadedEditorAssemblies (0ms)
				RefreshPlugins (53ms)
				BeforeProcessingInitializeOnLoad (2ms)
				ProcessInitializeOnLoadAttributes (152ms)
				ProcessInitializeOnLoadMethodAttributes (58ms)
				AfterProcessingInitializeOnLoad (0ms)
				EditorAssembliesLoaded (0ms)
			ExecutionOrderSort2 (0ms)
			AwakeInstancesAfterBackupRestoration (0ms)
Platform modules already initialized, skipping
Registering precompiled user dll's ...
Registered in 0.010448 seconds.
Begin MonoManager ReloadAssembly
Native extension for UWP target not found
Native extension for WindowsStandalone target not found
Native extension for WebGL target not found
Refreshing native plugins compatible for Editor in 60.00 ms, found 9 plugins.
Preloading 0 native plugins for Editor in 0.00 ms.
Mono: successfully reloaded assembly
- Completed reload, in  1.248 seconds
Domain Reload Profiling:
	ReloadAssembly (1249ms)
		BeginReloadAssembly (142ms)
			ExecutionOrderSort (0ms)
			DisableScriptedObjects (7ms)
			BackupInstance (0ms)
			ReleaseScriptingObjects (0ms)
			CreateAndSetChildDomain (23ms)
		EndReloadAssembly (983ms)
			LoadAssemblies (107ms)
			RebuildTransferFunctionScriptingTraits (0ms)
			SetupTypeCache (249ms)
			ReleaseScriptCaches (1ms)
			RebuildScriptCaches (62ms)
			SetupLoadedEditorAssemblies (513ms)
				LogAssemblyErrors (0ms)
				InitializePlatformSupportModulesInManaged (18ms)
				SetLoadedEditorAssemblies (0ms)
				RefreshPlugins (60ms)
				BeforeProcessingInitializeOnLoad (95ms)
				ProcessInitializeOnLoadAttributes (272ms)
				ProcessInitializeOnLoadMethodAttributes (58ms)
				AfterProcessingInitializeOnLoad (10ms)
				EditorAssembliesLoaded (0ms)
			ExecutionOrderSort2 (0ms)
			AwakeInstancesAfterBackupRestoration (8ms)
Platform modules already initialized, skipping
========================================================================
Worker process is ready to serve import requests
Shader 'Nature/Terrain/Standard': fallback shader 'Nature/Terrain/Diffuse' not found
Shader 'Hidden/TerrainEngine/Splatmap/Standard-AddPass': fallback shader 'Hidden/TerrainEngine/Splatmap/Diffuse-AddPass' not found
Shader 'Legacy Shaders/Diffuse': fallback shader 'Legacy Shaders/VertexLit' not found
Shader 'Hidden/TerrainEngine/Splatmap/Diffuse-Base': fallback shader 'Legacy Shaders/VertexLit' not found
Shader 'Legacy Shaders/Specular': fallback shader 'Legacy Shaders/VertexLit' not found
Shader 'Hidden/TerrainEngine/Splatmap/Specular-Base': fallback shader 'Legacy Shaders/Specular' not found
Shader 'Hidden/TerrainEngine/Splatmap/Standard-AddPass': fallback shader 'Hidden/TerrainEngine/Splatmap/Diffuse-AddPass' not found
Shader 'Nature/Terrain/Diffuse': dependency 'AddPassShader' shader 'Hidden/TerrainEngine/Splatmap/Diffuse-AddPass' not found
Shader 'Nature/Terrain/Specular': fallback shader 'Nature/Terrain/Diffuse' not found
Shader 'Hidden/TerrainEngine/Splatmap/Specular-AddPass': fallback shader 'Hidden/TerrainEngine/Splatmap/Diffuse-AddPass' not found
Shader 'Legacy Shaders/Diffuse': fallback shader 'Legacy Shaders/VertexLit' not found
Shader 'Hidden/TerrainEngine/Splatmap/Specular-AddPass': fallback shader 'Hidden/TerrainEngine/Splatmap/Diffuse-AddPass' not found
Launched and connected shader compiler UnityShaderCompiler.exe after 0.05 seconds
Refreshing native plugins compatible for Editor in 1.31 ms, found 9 plugins.
Preloading 0 native plugins for Editor in 0.00 ms.
Unloading 2570 Unused Serialized files (Serialized files now loaded: 0)
Unloading 59 unused Assets / (1.9 MB). Loaded Objects now: 3029.
Memory consumption went from 126.6 MB to 124.7 MB.
Total: 5.279400 ms (FindLiveObjects: 0.366500 ms CreateObjectMapping: 0.137100 ms MarkObjects: 4.210400 ms  DeleteObjects: 0.563100 ms)

AssetImportParameters requested are different than current active one (requested -> active):
  custom:video-decoder-ogg-theora: a1e56fd34408186e4bbccfd4996cb3dc -> 
  custom:container-muxer-webm: aa71ff27fc2769a1b78a27578f13a17b -> 
  custom:container-demuxer-webm: 4f35f7cbe854078d1ac9338744f61a02 -> 
  custom:video-encoder-webm-vp8: eb34c28f22e8b96e1ab97ce403110664 -> 
  custom:audio-encoder-webm-vorbis: bf7c407c2cedff20999df2af8eb42d56 -> 
  custom:framework-win-MediaFoundation: 216162199b28c13a410421893ffa2e32 -> 
  custom:container-demuxer-ogg: 62fdf1f143b41e24485cea50d1cbac27 -> 
  custom:video-decoder-webm-vp8: 9c59270c3fd7afecdb556c50c9e8de78 -> 
  custom:audio-decoder-ogg-vorbis: bf7c407c2cedff20999df2af8eb42d56 -> 
========================================================================
Received Import Request.
  Time since last request: 23547.477428 seconds.
  path: Assets/Scenes/Interfaces
  artifactKey: Guid(ec972cd53922f3d47b271170120b5bf1) Importer(815301076,1909f56bfc062723c751e8b465ee728b)
Start importing Assets/Scenes/Interfaces using Guid(ec972cd53922f3d47b271170120b5bf1) Importer(815301076,1909f56bfc062723c751e8b465ee728b)  -> (artifact id: 'eff2d37678f4721a612eb005ff66c053') in 0.016938 seconds 
========================================================================
Received Import Request.
  Time since last request: 5.424384 seconds.
  path: Assets/Scenes/Interfaces/Avatar
  artifactKey: Guid(24f5c653e0a78574cbbe2c0b8c2bcc99) Importer(815301076,1909f56bfc062723c751e8b465ee728b)
Start importing Assets/Scenes/Interfaces/Avatar using Guid(24f5c653e0a78574cbbe2c0b8c2bcc99) Importer(815301076,1909f56bfc062723c751e8b465ee728b)  -> (artifact id: '742b5837ba66a5dfab8fe8589e4f8b45') in 0.010846 seconds 
========================================================================
Received Import Request.
  Time since last request: 16.271799 seconds.
  path: Assets/Scenes/Interfaces/Avatar/Avatar.unity
  artifactKey: Guid(d26d15c9c8d049348a0959f4c0cee29b) Importer(815301076,1909f56bfc062723c751e8b465ee728b)
Start importing Assets/Scenes/Interfaces/Avatar/Avatar.unity using Guid(d26d15c9c8d049348a0959f4c0cee29b) Importer(815301076,1909f56bfc062723c751e8b465ee728b)  -> (artifact id: '81be6a2834729b592989540ee2d5bf5b') in 0.012933 seconds 
========================================================================
Received Prepare
Registering precompiled user dll's ...
Registered in 0.009205 seconds.
Begin MonoManager ReloadAssembly
Native extension for UWP target not found
Native extension for WindowsStandalone target not found
Native extension for WebGL target not found
Refreshing native plugins compatible for Editor in 1.19 ms, found 9 plugins.
Preloading 0 native plugins for Editor in 0.00 ms.
Mono: successfully reloaded assembly
- Completed reload, in  1.393 seconds
Domain Reload Profiling:
	ReloadAssembly (1394ms)
		BeginReloadAssembly (179ms)
			ExecutionOrderSort (0ms)
			DisableScriptedObjects (10ms)
			BackupInstance (0ms)
			ReleaseScriptingObjects (0ms)
			CreateAndSetChildDomain (47ms)
		EndReloadAssembly (1064ms)
			LoadAssemblies (123ms)
			RebuildTransferFunctionScriptingTraits (0ms)
			SetupTypeCache (283ms)
			ReleaseScriptCaches (1ms)
			RebuildScriptCaches (65ms)
			SetupLoadedEditorAssemblies (518ms)
				LogAssemblyErrors (0ms)
				InitializePlatformSupportModulesInManaged (24ms)
				SetLoadedEditorAssemblies (2ms)
				RefreshPlugins (1ms)
				BeforeProcessingInitializeOnLoad (96ms)
				ProcessInitializeOnLoadAttributes (322ms)
				ProcessInitializeOnLoadMethodAttributes (60ms)
				AfterProcessingInitializeOnLoad (13ms)
				EditorAssembliesLoaded (0ms)
			ExecutionOrderSort2 (0ms)
			AwakeInstancesAfterBackupRestoration (15ms)
Platform modules already initialized, skipping
Shader 'Nature/Terrain/Standard': fallback shader 'Nature/Terrain/Diffuse' not found
Shader 'Hidden/TerrainEngine/Splatmap/Standard-AddPass': fallback shader 'Hidden/TerrainEngine/Splatmap/Diffuse-AddPass' not found
Shader 'Legacy Shaders/Diffuse': fallback shader 'Legacy Shaders/VertexLit' not found
Shader 'Hidden/TerrainEngine/Splatmap/Diffuse-Base': fallback shader 'Legacy Shaders/VertexLit' not found
Shader 'Hidden/TerrainEngine/Splatmap/Specular-Base': fallback shader 'Legacy Shaders/Specular' not found
Shader 'Hidden/TerrainEngine/Splatmap/Standard-AddPass': fallback shader 'Hidden/TerrainEngine/Splatmap/Diffuse-AddPass' not found
Shader 'Nature/Terrain/Diffuse': dependency 'AddPassShader' shader 'Hidden/TerrainEngine/Splatmap/Diffuse-AddPass' not found
Shader 'Nature/Terrain/Specular': fallback shader 'Nature/Terrain/Diffuse' not found
Shader 'Hidden/TerrainEngine/Splatmap/Specular-AddPass': fallback shader 'Hidden/TerrainEngine/Splatmap/Diffuse-AddPass' not found
Shader 'Legacy Shaders/Diffuse': fallback shader 'Legacy Shaders/VertexLit' not found
Shader 'Hidden/TerrainEngine/Splatmap/Specular-AddPass': fallback shader 'Hidden/TerrainEngine/Splatmap/Diffuse-AddPass' not found
Refreshing native plugins compatible for Editor in 7.53 ms, found 9 plugins.
Preloading 0 native plugins for Editor in 0.00 ms.
Unloading 2545 Unused Serialized files (Serialized files now loaded: 0)
Unloading 45 unused Assets / (25.6 KB). Loaded Objects now: 3032.
Memory consumption went from 122.8 MB to 122.8 MB.
Total: 4.036600 ms (FindLiveObjects: 0.338800 ms CreateObjectMapping: 0.103700 ms MarkObjects: 3.557900 ms  DeleteObjects: 0.034300 ms)

AssetImportParameters requested are different than current active one (requested -> active):
  custom:video-decoder-ogg-theora: a1e56fd34408186e4bbccfd4996cb3dc -> 
  custom:container-muxer-webm: aa71ff27fc2769a1b78a27578f13a17b -> 
  custom:container-demuxer-webm: 4f35f7cbe854078d1ac9338744f61a02 -> 
  custom:video-encoder-webm-vp8: eb34c28f22e8b96e1ab97ce403110664 -> 
  custom:audio-encoder-webm-vorbis: bf7c407c2cedff20999df2af8eb42d56 -> 
  custom:framework-win-MediaFoundation: 216162199b28c13a410421893ffa2e32 -> 
  custom:container-demuxer-ogg: 62fdf1f143b41e24485cea50d1cbac27 -> 
  custom:video-decoder-webm-vp8: 9c59270c3fd7afecdb556c50c9e8de78 -> 
  custom:audio-decoder-ogg-vorbis: bf7c407c2cedff20999df2af8eb42d56 -> 
========================================================================
Received Import Request.
  Time since last request: 654.964418 seconds.
  path: Assets/Scripts/Interfaces/Avatar
  artifactKey: Guid(79cfcbd2c45b75f48b0f9de2f83a13be) Importer(815301076,1909f56bfc062723c751e8b465ee728b)
Start importing Assets/Scripts/Interfaces/Avatar using Guid(79cfcbd2c45b75f48b0f9de2f83a13be) Importer(815301076,1909f56bfc062723c751e8b465ee728b)  -> (artifact id: '232475eb6d239a04252a6a9e023da094') in 0.008516 seconds 
========================================================================
Received Import Request.
  Time since last request: 16.274900 seconds.
  path: Assets/Scripts/Interfaces/Avatar/AvatarController.cs
  artifactKey: Guid(996d5f1848fae9b4994b3bf543d65756) Importer(815301076,1909f56bfc062723c751e8b465ee728b)
Start importing Assets/Scripts/Interfaces/Avatar/AvatarController.cs using Guid(996d5f1848fae9b4994b3bf543d65756) Importer(815301076,1909f56bfc062723c751e8b465ee728b)  -> (artifact id: 'd9b67433d4f2ed02729b87949a7b2961') in 0.109044 seconds 
========================================================================
Received Prepare
Registering precompiled user dll's ...
Registered in 0.011233 seconds.
Begin MonoManager ReloadAssembly
Native extension for UWP target not found
Native extension for WindowsStandalone target not found
Native extension for WebGL target not found
Refreshing native plugins compatible for Editor in 1.25 ms, found 9 plugins.
Preloading 0 native plugins for Editor in 0.00 ms.
Mono: successfully reloaded assembly
- Completed reload, in  1.329 seconds
Domain Reload Profiling:
	ReloadAssembly (1330ms)
		BeginReloadAssembly (185ms)
			ExecutionOrderSort (0ms)
			DisableScriptedObjects (9ms)
			BackupInstance (0ms)
			ReleaseScriptingObjects (0ms)
			CreateAndSetChildDomain (44ms)
		EndReloadAssembly (1005ms)
			LoadAssemblies (134ms)
			RebuildTransferFunctionScriptingTraits (0ms)
			SetupTypeCache (243ms)
			ReleaseScriptCaches (2ms)
			RebuildScriptCaches (63ms)
			SetupLoadedEditorAssemblies (504ms)
				LogAssemblyErrors (0ms)
				InitializePlatformSupportModulesInManaged (22ms)
				SetLoadedEditorAssemblies (2ms)
				RefreshPlugins (1ms)
				BeforeProcessingInitializeOnLoad (90ms)
				ProcessInitializeOnLoadAttributes (314ms)
				ProcessInitializeOnLoadMethodAttributes (63ms)
				AfterProcessingInitializeOnLoad (11ms)
				EditorAssembliesLoaded (0ms)
			ExecutionOrderSort2 (0ms)
			AwakeInstancesAfterBackupRestoration (14ms)
Platform modules already initialized, skipping
Shader 'Nature/Terrain/Standard': fallback shader 'Nature/Terrain/Diffuse' not found
Shader 'Hidden/TerrainEngine/Splatmap/Standard-AddPass': fallback shader 'Hidden/TerrainEngine/Splatmap/Diffuse-AddPass' not found
Shader 'Legacy Shaders/Diffuse': fallback shader 'Legacy Shaders/VertexLit' not found
Shader 'Hidden/TerrainEngine/Splatmap/Diffuse-Base': fallback shader 'Legacy Shaders/VertexLit' not found
Shader 'Hidden/TerrainEngine/Splatmap/Specular-Base': fallback shader 'Legacy Shaders/Specular' not found
Shader 'Hidden/TerrainEngine/Splatmap/Standard-AddPass': fallback shader 'Hidden/TerrainEngine/Splatmap/Diffuse-AddPass' not found
Shader 'Nature/Terrain/Diffuse': dependency 'AddPassShader' shader 'Hidden/TerrainEngine/Splatmap/Diffuse-AddPass' not found
Shader 'Nature/Terrain/Specular': fallback shader 'Nature/Terrain/Diffuse' not found
Shader 'Hidden/TerrainEngine/Splatmap/Specular-AddPass': fallback shader 'Hidden/TerrainEngine/Splatmap/Diffuse-AddPass' not found
Shader 'Legacy Shaders/Diffuse': fallback shader 'Legacy Shaders/VertexLit' not found
Shader 'Hidden/TerrainEngine/Splatmap/Specular-AddPass': fallback shader 'Hidden/TerrainEngine/Splatmap/Diffuse-AddPass' not found
Refreshing native plugins compatible for Editor in 7.14 ms, found 9 plugins.
Preloading 0 native plugins for Editor in 0.00 ms.
Unloading 2546 Unused Serialized files (Serialized files now loaded: 0)
Unloading 45 unused Assets / (25.6 KB). Loaded Objects now: 3036.
Memory consumption went from 122.8 MB to 122.8 MB.
Total: 4.099700 ms (FindLiveObjects: 0.338600 ms CreateObjectMapping: 0.094200 ms MarkObjects: 3.633900 ms  DeleteObjects: 0.031600 ms)

AssetImportParameters requested are different than current active one (requested -> active):
  custom:video-decoder-ogg-theora: a1e56fd34408186e4bbccfd4996cb3dc -> 
  custom:container-muxer-webm: aa71ff27fc2769a1b78a27578f13a17b -> 
  custom:container-demuxer-webm: 4f35f7cbe854078d1ac9338744f61a02 -> 
  custom:video-encoder-webm-vp8: eb34c28f22e8b96e1ab97ce403110664 -> 
  custom:audio-encoder-webm-vorbis: bf7c407c2cedff20999df2af8eb42d56 -> 
  custom:framework-win-MediaFoundation: 216162199b28c13a410421893ffa2e32 -> 
  custom:container-demuxer-ogg: 62fdf1f143b41e24485cea50d1cbac27 -> 
  custom:video-decoder-webm-vp8: 9c59270c3fd7afecdb556c50c9e8de78 -> 
  custom:audio-decoder-ogg-vorbis: bf7c407c2cedff20999df2af8eb42d56 -> 
========================================================================
Received Prepare
Registering precompiled user dll's ...
Registered in 0.010958 seconds.
Begin MonoManager ReloadAssembly
Native extension for UWP target not found
Native extension for WindowsStandalone target not found
Native extension for WebGL target not found
Refreshing native plugins compatible for Editor in 0.94 ms, found 9 plugins.
Preloading 0 native plugins for Editor in 0.00 ms.
Mono: successfully reloaded assembly
- Completed reload, in  1.137 seconds
Domain Reload Profiling:
	ReloadAssembly (1138ms)
		BeginReloadAssembly (166ms)
			ExecutionOrderSort (0ms)
			DisableScriptedObjects (10ms)
			BackupInstance (0ms)
			ReleaseScriptingObjects (0ms)
			CreateAndSetChildDomain (42ms)
		EndReloadAssembly (839ms)
			LoadAssemblies (117ms)
			RebuildTransferFunctionScriptingTraits (0ms)
			SetupTypeCache (234ms)
			ReleaseScriptCaches (1ms)
			RebuildScriptCaches (48ms)
			SetupLoadedEditorAssemblies (385ms)
				LogAssemblyErrors (0ms)
				InitializePlatformSupportModulesInManaged (18ms)
				SetLoadedEditorAssemblies (1ms)
				RefreshPlugins (1ms)
				BeforeProcessingInitializeOnLoad (75ms)
				ProcessInitializeOnLoadAttributes (231ms)
				ProcessInitializeOnLoadMethodAttributes (49ms)
				AfterProcessingInitializeOnLoad (9ms)
				EditorAssembliesLoaded (0ms)
			ExecutionOrderSort2 (0ms)
			AwakeInstancesAfterBackupRestoration (11ms)
Platform modules already initialized, skipping
Shader 'Nature/Terrain/Standard': fallback shader 'Nature/Terrain/Diffuse' not found
Shader 'Hidden/TerrainEngine/Splatmap/Standard-AddPass': fallback shader 'Hidden/TerrainEngine/Splatmap/Diffuse-AddPass' not found
Shader 'Legacy Shaders/Diffuse': fallback shader 'Legacy Shaders/VertexLit' not found
Shader 'Hidden/TerrainEngine/Splatmap/Diffuse-Base': fallback shader 'Legacy Shaders/VertexLit' not found
Shader 'Hidden/TerrainEngine/Splatmap/Specular-Base': fallback shader 'Legacy Shaders/Specular' not found
Shader 'Hidden/TerrainEngine/Splatmap/Standard-AddPass': fallback shader 'Hidden/TerrainEngine/Splatmap/Diffuse-AddPass' not found
Shader 'Nature/Terrain/Diffuse': dependency 'AddPassShader' shader 'Hidden/TerrainEngine/Splatmap/Diffuse-AddPass' not found
Shader 'Nature/Terrain/Specular': fallback shader 'Nature/Terrain/Diffuse' not found
Shader 'Hidden/TerrainEngine/Splatmap/Specular-AddPass': fallback shader 'Hidden/TerrainEngine/Splatmap/Diffuse-AddPass' not found
Shader 'Legacy Shaders/Diffuse': fallback shader 'Legacy Shaders/VertexLit' not found
Shader 'Hidden/TerrainEngine/Splatmap/Specular-AddPass': fallback shader 'Hidden/TerrainEngine/Splatmap/Diffuse-AddPass' not found
Refreshing native plugins compatible for Editor in 5.86 ms, found 9 plugins.
Preloading 0 native plugins for Editor in 0.00 ms.
Unloading 2546 Unused Serialized files (Serialized files now loaded: 0)
Unloading 45 unused Assets / (25.7 KB). Loaded Objects now: 3039.
Memory consumption went from 122.8 MB to 122.8 MB.
Total: 3.502700 ms (FindLiveObjects: 0.267700 ms CreateObjectMapping: 0.092100 ms MarkObjects: 3.112800 ms  DeleteObjects: 0.028200 ms)

AssetImportParameters requested are different than current active one (requested -> active):
  custom:video-decoder-ogg-theora: a1e56fd34408186e4bbccfd4996cb3dc -> 
  custom:container-muxer-webm: aa71ff27fc2769a1b78a27578f13a17b -> 
  custom:container-demuxer-webm: 4f35f7cbe854078d1ac9338744f61a02 -> 
  custom:video-encoder-webm-vp8: eb34c28f22e8b96e1ab97ce403110664 -> 
  custom:audio-encoder-webm-vorbis: bf7c407c2cedff20999df2af8eb42d56 -> 
  custom:framework-win-MediaFoundation: 216162199b28c13a410421893ffa2e32 -> 
  custom:container-demuxer-ogg: 62fdf1f143b41e24485cea50d1cbac27 -> 
  custom:video-decoder-webm-vp8: 9c59270c3fd7afecdb556c50c9e8de78 -> 
  custom:audio-decoder-ogg-vorbis: bf7c407c2cedff20999df2af8eb42d56 -> 
========================================================================
Received Import Request.
  Time since last request: 124.449240 seconds.
  path: Assets/Scripts/Interfaces/Avatar/AvatarController.cs
  artifactKey: Guid(996d5f1848fae9b4994b3bf543d65756) Importer(815301076,1909f56bfc062723c751e8b465ee728b)
Start importing Assets/Scripts/Interfaces/Avatar/AvatarController.cs using Guid(996d5f1848fae9b4994b3bf543d65756) Importer(815301076,1909f56bfc062723c751e8b465ee728b)  -> (artifact id: 'dee0543d7294f2dcf145ac3e911a9440') in 0.007239 seconds 
