Using pre-set license
Built from '2021.3/staging' branch; Version is '2021.3.5f1 (40eb3a945986) revision 4254522'; Using compiler version '192829333'; Build Type 'Release'
OS: 'Windows 10  (10.0.19045) 64bit Core' Language: 'es' Physical Memory: 65237 MB
BatchMode: 1, IsHumanControllingUs: 0, StartBugReporterOnCrash: 0, Is64bit: 1, IsPro: 1

COMMAND LINE ARGUMENTS:
C:\Program Files\Unity\Hub\Editor\2021.3.5f1\Editor\Unity.exe
-adb2
-batchMode
-noUpm
-name
AssetImportWorker0
-projectPath
C:/Users/jc/Downloads/Unity-Game/Trabajo/EEG
-logFile
Logs/AssetImportWorker0.log
-srvPort
54411
Successfully changed project path to: C:/Users/jc/Downloads/Unity-Game/Trabajo/EEG
C:/Users/jc/Downloads/Unity-Game/Trabajo/EEG
[UnityMemory] Configuration Parameters - Can be set up in boot.config
    "memorysetup-bucket-allocator-granularity=16"
    "memorysetup-bucket-allocator-bucket-count=8"
    "memorysetup-bucket-allocator-block-size=33554432"
    "memorysetup-bucket-allocator-block-count=8"
    "memorysetup-main-allocator-block-size=16777216"
    "memorysetup-thread-allocator-block-size=16777216"
    "memorysetup-gfx-main-allocator-block-size=16777216"
    "memorysetup-gfx-thread-allocator-block-size=16777216"
    "memorysetup-cache-allocator-block-size=4194304"
    "memorysetup-typetree-allocator-block-size=2097152"
    "memorysetup-profiler-bucket-allocator-granularity=16"
    "memorysetup-profiler-bucket-allocator-bucket-count=8"
    "memorysetup-profiler-bucket-allocator-block-size=33554432"
    "memorysetup-profiler-bucket-allocator-block-count=8"
    "memorysetup-profiler-allocator-block-size=16777216"
    "memorysetup-profiler-editor-allocator-block-size=1048576"
    "memorysetup-temp-allocator-size-main=16777216"
    "memorysetup-job-temp-allocator-block-size=2097152"
    "memorysetup-job-temp-allocator-block-size-background=1048576"
    "memorysetup-job-temp-allocator-reduction-small-platforms=262144"
    "memorysetup-temp-allocator-size-background-worker=32768"
    "memorysetup-temp-allocator-size-job-worker=262144"
    "memorysetup-temp-allocator-size-preload-manager=33554432"
    "memorysetup-temp-allocator-size-nav-mesh-worker=65536"
    "memorysetup-temp-allocator-size-audio-worker=65536"
    "memorysetup-temp-allocator-size-cloud-worker=32768"
    "memorysetup-temp-allocator-size-gi-baking-worker=262144"
    "memorysetup-temp-allocator-size-gfx=262144"
Refreshing native plugins compatible for Editor in 96.28 ms, found 9 plugins.
Preloading 0 native plugins for Editor in 0.00 ms.
Initialize engine version: 2021.3.5f1 (40eb3a945986)
[Subsystems] Discovering subsystems at path C:/Program Files/Unity/Hub/Editor/2021.3.5f1/Editor/Data/Resources/UnitySubsystems
[Subsystems] Discovering subsystems at path C:/Users/jc/Downloads/Unity-Game/Trabajo/EEG/Assets
GfxDevice: creating device client; threaded=0; jobified=0
Direct3D:
    Version:  Direct3D 11.0 [level 11.1]
    Renderer: NVIDIA GeForce RTX 4050 Laptop GPU (ID=0x28a1)
    Vendor:   NVIDIA
    VRAM:     5921 MB
    Driver:   32.0.15.6590
Initialize mono
Mono path[0] = 'C:/Program Files/Unity/Hub/Editor/2021.3.5f1/Editor/Data/Managed'
Mono path[1] = 'C:/Program Files/Unity/Hub/Editor/2021.3.5f1/Editor/Data/MonoBleedingEdge/lib/mono/unityjit-win32'
Mono config path = 'C:/Program Files/Unity/Hub/Editor/2021.3.5f1/Editor/Data/MonoBleedingEdge/etc'
Using monoOptions --debugger-agent=transport=dt_socket,embedding=1,server=y,suspend=n,address=127.0.0.1:56328
Begin MonoManager ReloadAssembly
Registering precompiled unity dll's ...
Register platform support module: C:/Program Files/Unity/Hub/Editor/2021.3.5f1/Editor/Data/PlaybackEngines/WebGLSupport/UnityEditor.WebGL.Extensions.dll
Register platform support module: C:/Program Files/Unity/Hub/Editor/2021.3.5f1/Editor/Data/PlaybackEngines/WindowsStandaloneSupport/UnityEditor.WindowsStandalone.Extensions.dll
Register platform support module: C:/Program Files/Unity/Hub/Editor/2021.3.5f1/Editor/Data/PlaybackEngines/MetroSupport/UnityEditor.UWP.Extensions.dll
Registered in 0.017815 seconds.
Native extension for UWP target not found
Native extension for WindowsStandalone target not found
Native extension for WebGL target not found
Refreshing native plugins compatible for Editor in 76.21 ms, found 9 plugins.
Preloading 0 native plugins for Editor in 0.00 ms.
Mono: successfully reloaded assembly
- Completed reload, in  1.031 seconds
Domain Reload Profiling:
	ReloadAssembly (1032ms)
		BeginReloadAssembly (118ms)
			ExecutionOrderSort (0ms)
			DisableScriptedObjects (0ms)
			BackupInstance (0ms)
			ReleaseScriptingObjects (0ms)
			CreateAndSetChildDomain (1ms)
		EndReloadAssembly (713ms)
			LoadAssemblies (116ms)
			RebuildTransferFunctionScriptingTraits (0ms)
			SetupTypeCache (184ms)
			ReleaseScriptCaches (0ms)
			RebuildScriptCaches (50ms)
			SetupLoadedEditorAssemblies (382ms)
				LogAssemblyErrors (0ms)
				InitializePlatformSupportModulesInManaged (20ms)
				SetLoadedEditorAssemblies (0ms)
				RefreshPlugins (76ms)
				BeforeProcessingInitializeOnLoad (2ms)
				ProcessInitializeOnLoadAttributes (210ms)
				ProcessInitializeOnLoadMethodAttributes (73ms)
				AfterProcessingInitializeOnLoad (0ms)
				EditorAssembliesLoaded (0ms)
			ExecutionOrderSort2 (0ms)
			AwakeInstancesAfterBackupRestoration (0ms)
Platform modules already initialized, skipping
Registering precompiled user dll's ...
Registered in 0.011844 seconds.
Begin MonoManager ReloadAssembly
Native extension for UWP target not found
Native extension for WindowsStandalone target not found
Native extension for WebGL target not found
Refreshing native plugins compatible for Editor in 99.61 ms, found 9 plugins.
Preloading 0 native plugins for Editor in 0.00 ms.
Mono: successfully reloaded assembly
- Completed reload, in  2.075 seconds
Domain Reload Profiling:
	ReloadAssembly (2077ms)
		BeginReloadAssembly (190ms)
			ExecutionOrderSort (0ms)
			DisableScriptedObjects (10ms)
			BackupInstance (0ms)
			ReleaseScriptingObjects (0ms)
			CreateAndSetChildDomain (30ms)
		EndReloadAssembly (1676ms)
			LoadAssemblies (149ms)
			RebuildTransferFunctionScriptingTraits (0ms)
			SetupTypeCache (380ms)
			ReleaseScriptCaches (1ms)
			RebuildScriptCaches (111ms)
			SetupLoadedEditorAssemblies (916ms)
				LogAssemblyErrors (0ms)
				InitializePlatformSupportModulesInManaged (33ms)
				SetLoadedEditorAssemblies (0ms)
				RefreshPlugins (100ms)
				BeforeProcessingInitializeOnLoad (167ms)
				ProcessInitializeOnLoadAttributes (500ms)
				ProcessInitializeOnLoadMethodAttributes (100ms)
				AfterProcessingInitializeOnLoad (16ms)
				EditorAssembliesLoaded (0ms)
			ExecutionOrderSort2 (0ms)
			AwakeInstancesAfterBackupRestoration (13ms)
Platform modules already initialized, skipping
========================================================================
Worker process is ready to serve import requests
Shader 'Nature/Terrain/Standard': fallback shader 'Nature/Terrain/Diffuse' not found
Shader 'Hidden/TerrainEngine/Splatmap/Standard-AddPass': fallback shader 'Hidden/TerrainEngine/Splatmap/Diffuse-AddPass' not found
Shader 'Legacy Shaders/Diffuse': fallback shader 'Legacy Shaders/VertexLit' not found
Shader 'Hidden/TerrainEngine/Splatmap/Diffuse-Base': fallback shader 'Legacy Shaders/VertexLit' not found
Shader 'Legacy Shaders/Specular': fallback shader 'Legacy Shaders/VertexLit' not found
Shader 'Hidden/TerrainEngine/Splatmap/Specular-Base': fallback shader 'Legacy Shaders/Specular' not found
Shader 'Hidden/TerrainEngine/Splatmap/Standard-AddPass': fallback shader 'Hidden/TerrainEngine/Splatmap/Diffuse-AddPass' not found
Shader 'Nature/Terrain/Diffuse': dependency 'AddPassShader' shader 'Hidden/TerrainEngine/Splatmap/Diffuse-AddPass' not found
Shader 'Nature/Terrain/Specular': fallback shader 'Nature/Terrain/Diffuse' not found
Shader 'Hidden/TerrainEngine/Splatmap/Specular-AddPass': fallback shader 'Hidden/TerrainEngine/Splatmap/Diffuse-AddPass' not found
Shader 'Legacy Shaders/Diffuse': fallback shader 'Legacy Shaders/VertexLit' not found
Shader 'Hidden/TerrainEngine/Splatmap/Specular-AddPass': fallback shader 'Hidden/TerrainEngine/Splatmap/Diffuse-AddPass' not found
Launched and connected shader compiler UnityShaderCompiler.exe after 0.09 seconds
Refreshing native plugins compatible for Editor in 1.48 ms, found 9 plugins.
Preloading 0 native plugins for Editor in 0.00 ms.
Unloading 2571 Unused Serialized files (Serialized files now loaded: 0)
Unloading 59 unused Assets / (1.8 MB). Loaded Objects now: 3030.
Memory consumption went from 126.8 MB to 125.0 MB.
Total: 6.444800 ms (FindLiveObjects: 0.537700 ms CreateObjectMapping: 0.191600 ms MarkObjects: 5.102800 ms  DeleteObjects: 0.610000 ms)

AssetImportParameters requested are different than current active one (requested -> active):
  custom:video-decoder-ogg-theora: a1e56fd34408186e4bbccfd4996cb3dc -> 
  custom:container-muxer-webm: aa71ff27fc2769a1b78a27578f13a17b -> 
  custom:container-demuxer-webm: 4f35f7cbe854078d1ac9338744f61a02 -> 
  custom:video-encoder-webm-vp8: eb34c28f22e8b96e1ab97ce403110664 -> 
  custom:audio-encoder-webm-vorbis: bf7c407c2cedff20999df2af8eb42d56 -> 
  custom:framework-win-MediaFoundation: 216162199b28c13a410421893ffa2e32 -> 
  custom:container-demuxer-ogg: 62fdf1f143b41e24485cea50d1cbac27 -> 
  custom:video-decoder-webm-vp8: 9c59270c3fd7afecdb556c50c9e8de78 -> 
  custom:audio-decoder-ogg-vorbis: bf7c407c2cedff20999df2af8eb42d56 -> 
========================================================================
Received Prepare
Registering precompiled user dll's ...
Registered in 0.012825 seconds.
Begin MonoManager ReloadAssembly
Native extension for UWP target not found
Native extension for WindowsStandalone target not found
Native extension for WebGL target not found
Refreshing native plugins compatible for Editor in 0.99 ms, found 9 plugins.
Preloading 0 native plugins for Editor in 0.00 ms.
Mono: successfully reloaded assembly
- Completed reload, in  1.438 seconds
Domain Reload Profiling:
	ReloadAssembly (1439ms)
		BeginReloadAssembly (201ms)
			ExecutionOrderSort (0ms)
			DisableScriptedObjects (12ms)
			BackupInstance (0ms)
			ReleaseScriptingObjects (0ms)
			CreateAndSetChildDomain (50ms)
		EndReloadAssembly (1078ms)
			LoadAssemblies (138ms)
			RebuildTransferFunctionScriptingTraits (0ms)
			SetupTypeCache (301ms)
			ReleaseScriptCaches (2ms)
			RebuildScriptCaches (65ms)
			SetupLoadedEditorAssemblies (511ms)
				LogAssemblyErrors (0ms)
				InitializePlatformSupportModulesInManaged (23ms)
				SetLoadedEditorAssemblies (2ms)
				RefreshPlugins (1ms)
				BeforeProcessingInitializeOnLoad (97ms)
				ProcessInitializeOnLoadAttributes (319ms)
				ProcessInitializeOnLoadMethodAttributes (58ms)
				AfterProcessingInitializeOnLoad (12ms)
				EditorAssembliesLoaded (0ms)
			ExecutionOrderSort2 (0ms)
			AwakeInstancesAfterBackupRestoration (14ms)
Platform modules already initialized, skipping
Shader 'Nature/Terrain/Standard': fallback shader 'Nature/Terrain/Diffuse' not found
Shader 'Hidden/TerrainEngine/Splatmap/Standard-AddPass': fallback shader 'Hidden/TerrainEngine/Splatmap/Diffuse-AddPass' not found
Shader 'Legacy Shaders/Diffuse': fallback shader 'Legacy Shaders/VertexLit' not found
Shader 'Hidden/TerrainEngine/Splatmap/Diffuse-Base': fallback shader 'Legacy Shaders/VertexLit' not found
Shader 'Hidden/TerrainEngine/Splatmap/Specular-Base': fallback shader 'Legacy Shaders/Specular' not found
Shader 'Hidden/TerrainEngine/Splatmap/Standard-AddPass': fallback shader 'Hidden/TerrainEngine/Splatmap/Diffuse-AddPass' not found
Shader 'Nature/Terrain/Diffuse': dependency 'AddPassShader' shader 'Hidden/TerrainEngine/Splatmap/Diffuse-AddPass' not found
Shader 'Nature/Terrain/Specular': fallback shader 'Nature/Terrain/Diffuse' not found
Shader 'Hidden/TerrainEngine/Splatmap/Specular-AddPass': fallback shader 'Hidden/TerrainEngine/Splatmap/Diffuse-AddPass' not found
Shader 'Legacy Shaders/Diffuse': fallback shader 'Legacy Shaders/VertexLit' not found
Shader 'Hidden/TerrainEngine/Splatmap/Specular-AddPass': fallback shader 'Hidden/TerrainEngine/Splatmap/Diffuse-AddPass' not found
Refreshing native plugins compatible for Editor in 7.68 ms, found 9 plugins.
Preloading 0 native plugins for Editor in 0.00 ms.
Unloading 2551 Unused Serialized files (Serialized files now loaded: 0)
Unloading 45 unused Assets / (25.6 KB). Loaded Objects now: 3038.
Memory consumption went from 123.2 MB to 123.1 MB.
Total: 4.064200 ms (FindLiveObjects: 0.268100 ms CreateObjectMapping: 0.112800 ms MarkObjects: 3.648100 ms  DeleteObjects: 0.033700 ms)

AssetImportParameters requested are different than current active one (requested -> active):
  custom:video-decoder-ogg-theora: a1e56fd34408186e4bbccfd4996cb3dc -> 
  custom:container-muxer-webm: aa71ff27fc2769a1b78a27578f13a17b -> 
  custom:container-demuxer-webm: 4f35f7cbe854078d1ac9338744f61a02 -> 
  custom:video-encoder-webm-vp8: eb34c28f22e8b96e1ab97ce403110664 -> 
  custom:audio-encoder-webm-vorbis: bf7c407c2cedff20999df2af8eb42d56 -> 
  custom:framework-win-MediaFoundation: 216162199b28c13a410421893ffa2e32 -> 
  custom:container-demuxer-ogg: 62fdf1f143b41e24485cea50d1cbac27 -> 
  custom:video-decoder-webm-vp8: 9c59270c3fd7afecdb556c50c9e8de78 -> 
  custom:audio-decoder-ogg-vorbis: bf7c407c2cedff20999df2af8eb42d56 -> 
========================================================================
Received Import Request.
  Time since last request: 5741.949844 seconds.
  path: Assets/Scenes/SampleScene.unity
  artifactKey: Guid(2cda990e2423bbf4892e6590ba056729) Importer(815301076,1909f56bfc062723c751e8b465ee728b)
Start importing Assets/Scenes/SampleScene.unity using Guid(2cda990e2423bbf4892e6590ba056729) Importer(815301076,1909f56bfc062723c751e8b465ee728b)  -> (artifact id: 'fc88ad010448d1908ba63f2465564ca5') in 0.007427 seconds 
========================================================================
Received Import Request.
  Time since last request: 1.804831 seconds.
  path: Assets/Scenes/SampleScene.unity
  artifactKey: Guid(2cda990e2423bbf4892e6590ba056729) Importer(815301076,1909f56bfc062723c751e8b465ee728b)
Start importing Assets/Scenes/SampleScene.unity using Guid(2cda990e2423bbf4892e6590ba056729) Importer(815301076,1909f56bfc062723c751e8b465ee728b)  -> (artifact id: 'cc86676ee9d3344ed67ee9072966d795') in 0.003916 seconds 
========================================================================
Received Import Request.
  Time since last request: 12.937596 seconds.
  path: Assets/Scenes/SampleScene_Profiles
  artifactKey: Guid(ee2f84075fc981b4e8a4515d28ae056e) Importer(815301076,1909f56bfc062723c751e8b465ee728b)
Start importing Assets/Scenes/SampleScene_Profiles using Guid(ee2f84075fc981b4e8a4515d28ae056e) Importer(815301076,1909f56bfc062723c751e8b465ee728b)  -> (artifact id: 'f0e20255bf5860a14783bc29a6f445ff') in 0.012070 seconds 
========================================================================
Received Import Request.
  Time since last request: 0.085102 seconds.
  path: Assets/Scenes/SampleScene_Profiles/Post Processing BG.asset
  artifactKey: Guid(da26408c4f18e7248b79b28b1ba488b8) Importer(815301076,1909f56bfc062723c751e8b465ee728b)
Start importing Assets/Scenes/SampleScene_Profiles/Post Processing BG.asset using Guid(da26408c4f18e7248b79b28b1ba488b8) Importer(815301076,1909f56bfc062723c751e8b465ee728b)  -> (artifact id: '0bc505a9e576736f4adc5b88aaa9c71a') in 0.035443 seconds 
========================================================================
Received Import Request.
  Time since last request: 53.297937 seconds.
  path: Assets/Scenes/FlappyBird.unity
  artifactKey: Guid(1ff419a0a16ba6049b6e8af9abad2b92) Importer(815301076,1909f56bfc062723c751e8b465ee728b)
Start importing Assets/Scenes/FlappyBird.unity using Guid(1ff419a0a16ba6049b6e8af9abad2b92) Importer(815301076,1909f56bfc062723c751e8b465ee728b)  -> (artifact id: '4e55a7b3154837e78983e4e14beb5283') in 0.010719 seconds 
